d:\documents\creajeux\1ere\projet\unaware\build\0 - actual\unaware v2.0 bugbugbbug\unaware v2.0\projetsfml\x64\release\vc142.pdb
d:\documents\creajeux\1ere\projet\unaware\build\0 - actual\unaware v2.0 bugbugbbug\unaware v2.0\projetsfml\x64\release\displaypuzzlejungle.obj
d:\documents\creajeux\1ere\projet\unaware\build\0 - actual\unaware v2.0 bugbugbbug\unaware v2.0\projetsfml\x64\release\displaypuzzle.obj
d:\documents\creajeux\1ere\projet\unaware\build\0 - actual\unaware v2.0 bugbugbbug\unaware v2.0\projetsfml\x64\release\displaymenu.obj
d:\documents\creajeux\1ere\projet\unaware\build\0 - actual\unaware v2.0 bugbugbbug\unaware v2.0\projetsfml\x64\release\displaymastermindintro.obj
d:\documents\creajeux\1ere\projet\unaware\build\0 - actual\unaware v2.0 bugbugbbug\unaware v2.0\projetsfml\x64\release\displaymastermindbox.obj
d:\documents\creajeux\1ere\projet\unaware\build\0 - actual\unaware v2.0 bugbugbbug\unaware v2.0\projetsfml\x64\release\displayjunglemap.obj
d:\documents\creajeux\1ere\projet\unaware\build\0 - actual\unaware v2.0 bugbugbbug\unaware v2.0\projetsfml\x64\release\displayislandmap.obj
d:\documents\creajeux\1ere\projet\unaware\build\0 - actual\unaware v2.0 bugbugbbug\unaware v2.0\projetsfml\x64\release\displayintromap.obj
d:\documents\creajeux\1ere\projet\unaware\build\0 - actual\unaware v2.0 bugbugbbug\unaware v2.0\projetsfml\x64\release\displaydialogue.obj
d:\documents\creajeux\1ere\projet\unaware\build\0 - actual\unaware v2.0 bugbugbbug\unaware v2.0\projetsfml\x64\release\displaycutscene.obj
d:\documents\creajeux\1ere\projet\unaware\build\0 - actual\unaware v2.0 bugbugbbug\unaware v2.0\projetsfml\x64\release\displaycable.obj
d:\documents\creajeux\1ere\projet\unaware\build\0 - actual\unaware v2.0 bugbugbbug\unaware v2.0\projetsfml\x64\release\displayplaquevis.obj
d:\documents\creajeux\1ere\projet\unaware\build\0 - actual\unaware v2.0 bugbugbbug\unaware v2.0\projetsfml\x64\release\displayia.obj
d:\documents\creajeux\1ere\projet\unaware\build\0 - actual\unaware v2.0 bugbugbbug\unaware v2.0\projetsfml\x64\release\displaydiode.obj
d:\documents\creajeux\1ere\projet\unaware\build\0 - actual\unaware v2.0 bugbugbbug\unaware v2.0\projetsfml\x64\release\displaydecryptage.obj
d:\documents\creajeux\1ere\projet\unaware\build\0 - actual\unaware v2.0 bugbugbbug\unaware v2.0\projetsfml\x64\release\displaybedroommap.obj
d:\documents\creajeux\1ere\projet\unaware\build\0 - actual\unaware v2.0 bugbugbbug\unaware v2.0\projetsfml\x64\release\display.obj
d:\documents\creajeux\1ere\projet\unaware\build\0 - actual\unaware v2.0 bugbugbbug\unaware v2.0\projetsfml\x64\release\definition.obj
d:\documents\creajeux\1ere\projet\unaware\build\0 - actual\unaware v2.0 bugbugbbug\unaware v2.0\projetsfml\x64\release\collision.obj
d:\documents\creajeux\1ere\projet\unaware\build\0 - actual\unaware v2.0 bugbugbbug\unaware v2.0\projetsfml\x64\release\archivecode.obj
d:\documents\creajeux\1ere\projet\unaware\build\0 - actual\unaware v2.0 bugbugbbug\unaware v2.0\projetsfml\x64\release\initdialogue.obj
d:\documents\creajeux\1ere\projet\unaware\build\0 - actual\unaware v2.0 bugbugbbug\unaware v2.0\projetsfml\x64\release\initcutscene.obj
d:\documents\creajeux\1ere\projet\unaware\build\0 - actual\unaware v2.0 bugbugbbug\unaware v2.0\projetsfml\x64\release\initcable.obj
d:\documents\creajeux\1ere\projet\unaware\build\0 - actual\unaware v2.0 bugbugbbug\unaware v2.0\projetsfml\x64\release\initplaquevis.obj
d:\documents\creajeux\1ere\projet\unaware\build\0 - actual\unaware v2.0 bugbugbbug\unaware v2.0\projetsfml\x64\release\initia.obj
d:\documents\creajeux\1ere\projet\unaware\build\0 - actual\unaware v2.0 bugbugbbug\unaware v2.0\projetsfml\x64\release\initdiode.obj
d:\documents\creajeux\1ere\projet\unaware\build\0 - actual\unaware v2.0 bugbugbbug\unaware v2.0\projetsfml\x64\release\initdecryptage.obj
d:\documents\creajeux\1ere\projet\unaware\build\0 - actual\unaware v2.0 bugbugbbug\unaware v2.0\projetsfml\x64\release\initbedroommap.obj
d:\documents\creajeux\1ere\projet\unaware\build\0 - actual\unaware v2.0 bugbugbbug\unaware v2.0\projetsfml\x64\release\initanim.obj
d:\documents\creajeux\1ere\projet\unaware\build\0 - actual\unaware v2.0 bugbugbbug\unaware v2.0\projetsfml\x64\release\init.obj
d:\documents\creajeux\1ere\projet\unaware\build\0 - actual\unaware v2.0 bugbugbbug\unaware v2.0\projetsfml\x64\release\displayvoltage.obj
d:\documents\creajeux\1ere\projet\unaware\build\0 - actual\unaware v2.0 bugbugbbug\unaware v2.0\projetsfml\x64\release\displaytutopuzzlejungle.obj
d:\documents\creajeux\1ere\projet\unaware\build\0 - actual\unaware v2.0 bugbugbbug\unaware v2.0\projetsfml\x64\release\displaytutopuzzle.obj
d:\documents\creajeux\1ere\projet\unaware\build\0 - actual\unaware v2.0 bugbugbbug\unaware v2.0\projetsfml\x64\release\displaytutomastermindintro.obj
d:\documents\creajeux\1ere\projet\unaware\build\0 - actual\unaware v2.0 bugbugbbug\unaware v2.0\projetsfml\x64\release\displaytutodiode.obj
d:\documents\creajeux\1ere\projet\unaware\build\0 - actual\unaware v2.0 bugbugbbug\unaware v2.0\projetsfml\x64\release\displaytutodialogue.obj
d:\documents\creajeux\1ere\projet\unaware\build\0 - actual\unaware v2.0 bugbugbbug\unaware v2.0\projetsfml\x64\release\displaytutodecryptage.obj
d:\documents\creajeux\1ere\projet\unaware\build\0 - actual\unaware v2.0 bugbugbbug\unaware v2.0\projetsfml\x64\release\displaytutobox.obj
d:\documents\creajeux\1ere\projet\unaware\build\0 - actual\unaware v2.0 bugbugbbug\unaware v2.0\projetsfml\x64\release\displaytimer.obj
d:\documents\creajeux\1ere\projet\unaware\build\0 - actual\unaware v2.0 bugbugbbug\unaware v2.0\projetsfml\x64\release\displayshipendmap.obj
d:\documents\creajeux\1ere\projet\unaware\build\0 - actual\unaware v2.0 bugbugbbug\unaware v2.0\projetsfml\x64\release\inputdecryptage.obj
d:\documents\creajeux\1ere\projet\unaware\build\0 - actual\unaware v2.0 bugbugbbug\unaware v2.0\projetsfml\x64\release\input.obj
d:\documents\creajeux\1ere\projet\unaware\build\0 - actual\unaware v2.0 bugbugbbug\unaware v2.0\projetsfml\x64\release\initvoltage.obj
d:\documents\creajeux\1ere\projet\unaware\build\0 - actual\unaware v2.0 bugbugbbug\unaware v2.0\projetsfml\x64\release\inittutopuzzlejungle.obj
d:\documents\creajeux\1ere\projet\unaware\build\0 - actual\unaware v2.0 bugbugbbug\unaware v2.0\projetsfml\x64\release\inittutopuzzle.obj
d:\documents\creajeux\1ere\projet\unaware\build\0 - actual\unaware v2.0 bugbugbbug\unaware v2.0\projetsfml\x64\release\inittutomastermindintro.obj
d:\documents\creajeux\1ere\projet\unaware\build\0 - actual\unaware v2.0 bugbugbbug\unaware v2.0\projetsfml\x64\release\inittutodiode.obj
d:\documents\creajeux\1ere\projet\unaware\build\0 - actual\unaware v2.0 bugbugbbug\unaware v2.0\projetsfml\x64\release\inittutodialogue.obj
d:\documents\creajeux\1ere\projet\unaware\build\0 - actual\unaware v2.0 bugbugbbug\unaware v2.0\projetsfml\x64\release\inittutodecryptage.obj
d:\documents\creajeux\1ere\projet\unaware\build\0 - actual\unaware v2.0 bugbugbbug\unaware v2.0\projetsfml\x64\release\inittutobox.obj
d:\documents\creajeux\1ere\projet\unaware\build\0 - actual\unaware v2.0 bugbugbbug\unaware v2.0\projetsfml\x64\release\initsoundgame.obj
d:\documents\creajeux\1ere\projet\unaware\build\0 - actual\unaware v2.0 bugbugbbug\unaware v2.0\projetsfml\x64\release\initshipend.obj
d:\documents\creajeux\1ere\projet\unaware\build\0 - actual\unaware v2.0 bugbugbbug\unaware v2.0\projetsfml\x64\release\initpuzzlejungle.obj
d:\documents\creajeux\1ere\projet\unaware\build\0 - actual\unaware v2.0 bugbugbbug\unaware v2.0\projetsfml\x64\release\initpuzzle.obj
d:\documents\creajeux\1ere\projet\unaware\build\0 - actual\unaware v2.0 bugbugbbug\unaware v2.0\projetsfml\x64\release\initmenu.obj
d:\documents\creajeux\1ere\projet\unaware\build\0 - actual\unaware v2.0 bugbugbbug\unaware v2.0\projetsfml\x64\release\initmastermindbox.obj
d:\documents\creajeux\1ere\projet\unaware\build\0 - actual\unaware v2.0 bugbugbbug\unaware v2.0\projetsfml\x64\release\initmastermindintro.obj
d:\documents\creajeux\1ere\projet\unaware\build\0 - actual\unaware v2.0 bugbugbbug\unaware v2.0\projetsfml\x64\release\initjunglemap.obj
d:\documents\creajeux\1ere\projet\unaware\build\0 - actual\unaware v2.0 bugbugbbug\unaware v2.0\projetsfml\x64\release\initislandmap.obj
d:\documents\creajeux\1ere\projet\unaware\build\0 - actual\unaware v2.0 bugbugbbug\unaware v2.0\projetsfml\x64\release\initintromap.obj
d:\documents\creajeux\1ere\projet\unaware\build\0 - actual\unaware v2.0 bugbugbbug\unaware v2.0\projetsfml\x64\release\main.obj
d:\documents\creajeux\1ere\projet\unaware\build\0 - actual\unaware v2.0 bugbugbbug\unaware v2.0\projetsfml\x64\release\loadconfig.obj
d:\documents\creajeux\1ere\projet\unaware\build\0 - actual\unaware v2.0 bugbugbbug\unaware v2.0\projetsfml\x64\release\inputvoltage.obj
d:\documents\creajeux\1ere\projet\unaware\build\0 - actual\unaware v2.0 bugbugbbug\unaware v2.0\projetsfml\x64\release\inputtutopuzzlejungle.obj
d:\documents\creajeux\1ere\projet\unaware\build\0 - actual\unaware v2.0 bugbugbbug\unaware v2.0\projetsfml\x64\release\inputtutopuzzle.obj
d:\documents\creajeux\1ere\projet\unaware\build\0 - actual\unaware v2.0 bugbugbbug\unaware v2.0\projetsfml\x64\release\inputtutomastermindintro.obj
d:\documents\creajeux\1ere\projet\unaware\build\0 - actual\unaware v2.0 bugbugbbug\unaware v2.0\projetsfml\x64\release\inputtutodiode.obj
d:\documents\creajeux\1ere\projet\unaware\build\0 - actual\unaware v2.0 bugbugbbug\unaware v2.0\projetsfml\x64\release\inputtutodialogue.obj
d:\documents\creajeux\1ere\projet\unaware\build\0 - actual\unaware v2.0 bugbugbbug\unaware v2.0\projetsfml\x64\release\inputtutodecryptage.obj
d:\documents\creajeux\1ere\projet\unaware\build\0 - actual\unaware v2.0 bugbugbbug\unaware v2.0\projetsfml\x64\release\inputtutobox.obj
d:\documents\creajeux\1ere\projet\unaware\build\0 - actual\unaware v2.0 bugbugbbug\unaware v2.0\projetsfml\x64\release\inputselecteurperso.obj
d:\documents\creajeux\1ere\projet\unaware\build\0 - actual\unaware v2.0 bugbugbbug\unaware v2.0\projetsfml\x64\release\inputpuzzlejungle.obj
d:\documents\creajeux\1ere\projet\unaware\build\0 - actual\unaware v2.0 bugbugbbug\unaware v2.0\projetsfml\x64\release\inputpuzzle.obj
d:\documents\creajeux\1ere\projet\unaware\build\0 - actual\unaware v2.0 bugbugbbug\unaware v2.0\projetsfml\x64\release\inputmastermindbox.obj
d:\documents\creajeux\1ere\projet\unaware\build\0 - actual\unaware v2.0 bugbugbbug\unaware v2.0\projetsfml\x64\release\inputmastermindintro.obj
d:\documents\creajeux\1ere\projet\unaware\build\0 - actual\unaware v2.0 bugbugbbug\unaware v2.0\projetsfml\x64\release\inputdialogue.obj
d:\documents\creajeux\1ere\projet\unaware\build\0 - actual\unaware v2.0 bugbugbbug\unaware v2.0\projetsfml\x64\release\inputcable.obj
d:\documents\creajeux\1ere\projet\unaware\build\0 - actual\unaware v2.0 bugbugbbug\unaware v2.0\projetsfml\x64\release\inputplaquevis.obj
d:\documents\creajeux\1ere\projet\unaware\build\0 - actual\unaware v2.0 bugbugbbug\unaware v2.0\projetsfml\x64\release\inputmenu.obj
d:\documents\creajeux\1ere\projet\unaware\build\0 - actual\unaware v2.0 bugbugbbug\unaware v2.0\projetsfml\x64\release\inputdiode.obj
d:\documents\creajeux\1ere\projet\unaware\build\0 - actual\unaware v2.0 bugbugbbug\unaware v2.0\projetsfml\x64\release\updateintromap.obj
d:\documents\creajeux\1ere\projet\unaware\build\0 - actual\unaware v2.0 bugbugbbug\unaware v2.0\projetsfml\x64\release\updateingame.obj
d:\documents\creajeux\1ere\projet\unaware\build\0 - actual\unaware v2.0 bugbugbbug\unaware v2.0\projetsfml\x64\release\updatedialogue.obj
d:\documents\creajeux\1ere\projet\unaware\build\0 - actual\unaware v2.0 bugbugbbug\unaware v2.0\projetsfml\x64\release\updatecable.obj
d:\documents\creajeux\1ere\projet\unaware\build\0 - actual\unaware v2.0 bugbugbbug\unaware v2.0\projetsfml\x64\release\updateplaquevis.obj
d:\documents\creajeux\1ere\projet\unaware\build\0 - actual\unaware v2.0 bugbugbbug\unaware v2.0\projetsfml\x64\release\update.obj
d:\documents\creajeux\1ere\projet\unaware\build\0 - actual\unaware v2.0 bugbugbbug\unaware v2.0\projetsfml\x64\release\updatetutodialogue.obj
d:\documents\creajeux\1ere\projet\unaware\build\0 - actual\unaware v2.0 bugbugbbug\unaware v2.0\projetsfml\x64\release\updatetutodecryptage.obj
d:\documents\creajeux\1ere\projet\unaware\build\0 - actual\unaware v2.0 bugbugbbug\unaware v2.0\projetsfml\x64\release\updatetutobox.obj
d:\documents\creajeux\1ere\projet\unaware\build\0 - actual\unaware v2.0 bugbugbbug\unaware v2.0\projetsfml\x64\release\updateshipend.obj
d:\documents\creajeux\1ere\projet\unaware\build\0 - actual\unaware v2.0 bugbugbbug\unaware v2.0\projetsfml\x64\release\updateselecteurperso.obj
d:\documents\creajeux\1ere\projet\unaware\build\0 - actual\unaware v2.0 bugbugbbug\unaware v2.0\projetsfml\x64\release\updatepuzzlejungle.obj
d:\documents\creajeux\1ere\projet\unaware\build\0 - actual\unaware v2.0 bugbugbbug\unaware v2.0\projetsfml\x64\release\updatejunglemap.obj
d:\documents\creajeux\1ere\projet\unaware\build\0 - actual\unaware v2.0 bugbugbbug\unaware v2.0\projetsfml\x64\release\updateia.obj
d:\documents\creajeux\1ere\projet\unaware\build\0 - actual\unaware v2.0 bugbugbbug\unaware v2.0\projetsfml\x64\release\updatediode.obj
d:\documents\creajeux\1ere\projet\unaware\build\0 - actual\unaware v2.0 bugbugbbug\unaware v2.0\projetsfml\x64\release\updatedecryptage.obj
d:\documents\creajeux\1ere\projet\unaware\build\0 - actual\unaware v2.0 bugbugbbug\unaware v2.0\projetsfml\x64\release\updatecutscene.obj
d:\documents\creajeux\1ere\projet\unaware\build\0 - actual\unaware v2.0 bugbugbbug\unaware v2.0\projetsfml\x64\release\updatebedroommap.obj
d:\documents\creajeux\1ere\projet\unaware\build\0 - actual\unaware v2.0 bugbugbbug\unaware v2.0\projetsfml\x64\release\reader.obj
d:\documents\creajeux\1ere\projet\unaware\build\0 - actual\unaware v2.0 bugbugbbug\unaware v2.0\projetsfml\x64\release\mathfonctions.obj
d:\documents\creajeux\1ere\projet\unaware\build\0 - actual\unaware v2.0 bugbugbbug\unaware v2.0\projetsfml\x64\release\updatevoltage.obj
d:\documents\creajeux\1ere\projet\unaware\build\0 - actual\unaware v2.0 bugbugbbug\unaware v2.0\projetsfml\x64\release\updatetutopuzzlejungle.obj
d:\documents\creajeux\1ere\projet\unaware\build\0 - actual\unaware v2.0 bugbugbbug\unaware v2.0\projetsfml\x64\release\updatetutopuzzle.obj
d:\documents\creajeux\1ere\projet\unaware\build\0 - actual\unaware v2.0 bugbugbbug\unaware v2.0\projetsfml\x64\release\updatetutomastermindintro.obj
d:\documents\creajeux\1ere\projet\unaware\build\0 - actual\unaware v2.0 bugbugbbug\unaware v2.0\projetsfml\x64\release\updatetutodiode.obj
d:\documents\creajeux\1ere\projet\unaware\build\0 - actual\unaware v2.0 bugbugbbug\unaware v2.0\projetsfml\x64\release\updatetimer.obj
d:\documents\creajeux\1ere\projet\unaware\build\0 - actual\unaware v2.0 bugbugbbug\unaware v2.0\projetsfml\x64\release\updatepuzzle.obj
d:\documents\creajeux\1ere\projet\unaware\build\0 - actual\unaware v2.0 bugbugbbug\unaware v2.0\projetsfml\x64\release\updateplayer.obj
d:\documents\creajeux\1ere\projet\unaware\build\0 - actual\unaware v2.0 bugbugbbug\unaware v2.0\projetsfml\x64\release\updatemenu.obj
d:\documents\creajeux\1ere\projet\unaware\build\0 - actual\unaware v2.0 bugbugbbug\unaware v2.0\projetsfml\x64\release\updatemastermindbox.obj
d:\documents\creajeux\1ere\projet\unaware\build\0 - actual\unaware v2.0 bugbugbbug\unaware v2.0\projetsfml\x64\release\updatemastermindintro.obj
d:\documents\creajeux\1ere\projet\unaware\build\0 - actual\unaware v2.0 bugbugbbug\unaware v2.0\projetsfml\x64\release\updateislandmap.obj
d:\documents\creajeux\1ere\projet\unaware\build\0 - actual\unaware v2.0 bugbugbbug\unaware v2.0\x64\release\projetsfml.exe
d:\documents\creajeux\1ere\projet\unaware\build\0 - actual\unaware v2.0 bugbugbbug\unaware v2.0\x64\release\projetsfml.pdb
d:\documents\creajeux\1ere\projet\unaware\build\0 - actual\unaware v2.0 bugbugbbug\unaware v2.0\x64\release\projetsfml.ipdb
d:\documents\creajeux\1ere\projet\unaware\build\0 - actual\unaware v2.0 bugbugbbug\unaware v2.0\x64\release\projetsfml.iobj
d:\documents\creajeux\1ere\projet\unaware\build\0 - actual\unaware v2.0 bugbugbbug\unaware v2.0\projetsfml\x64\release\projetsfml.tlog\cl.command.1.tlog
d:\documents\creajeux\1ere\projet\unaware\build\0 - actual\unaware v2.0 bugbugbbug\unaware v2.0\projetsfml\x64\release\projetsfml.tlog\cl.read.1.tlog
d:\documents\creajeux\1ere\projet\unaware\build\0 - actual\unaware v2.0 bugbugbbug\unaware v2.0\projetsfml\x64\release\projetsfml.tlog\cl.write.1.tlog
d:\documents\creajeux\1ere\projet\unaware\build\0 - actual\unaware v2.0 bugbugbbug\unaware v2.0\projetsfml\x64\release\projetsfml.tlog\link.command.1.tlog
d:\documents\creajeux\1ere\projet\unaware\build\0 - actual\unaware v2.0 bugbugbbug\unaware v2.0\projetsfml\x64\release\projetsfml.tlog\link.read.1.tlog
d:\documents\creajeux\1ere\projet\unaware\build\0 - actual\unaware v2.0 bugbugbbug\unaware v2.0\projetsfml\x64\release\projetsfml.tlog\link.write.1.tlog
d:\documents\creajeux\1ere\projet\unaware\build\0 - actual\unaware v2.0 bugbugbbug\unaware v2.0\projetsfml\x64\release\projetsfml.tlog\projetsfml.write.1u.tlog
